<?xml version="1.0" encoding="utf-8"?><testsuites name="pytest tests"><testsuite name="pytest" errors="0" failures="0" skipped="0" tests="17" time="6.151" timestamp="2026-09-04T05:35:05.384048+00:00" hostname="agent-env-bdbf5c9a-b59d-48aa-bf3e-eede085a9304"><testcase classname="tests.test_iteration7_auth.TestLogin" name="test_admin_login_sets_cookie_and_returns_user" time="0.560" /><testcase classname="tests.test_iteration7_auth.TestLogin" name="test_wrong_password_401" time="0.404" /><testcase classname="tests.test_iteration7_auth.TestUserMgmt" name="test_admin_can_list_users" time="0.978" /><testcase classname="tests.test_iteration7_auth.TestLogin" name="test_remember_true_sets_max_age" time="0.372" /><testcase classname="tests.test_iteration7_auth.TestLogin" name="test_remember_false_session_cookie" time="0.405" /><testcase classname="tests.test_iteration7_auth.TestUserMgmt" name="test_admin_create_and_delete_user" time="1.305" /><testcase classname="tests.test_iteration7_auth.TestLogin" name="test_me_with_cookie" time="0.493" /><testcase classname="tests.test_iteration7_auth.TestLogin" name="test_me_without_auth_401" time="0.143" /><testcase classname="tests.test_iteration7_auth.TestLogin" name="test_bearer_token_auth" time="0.609" /><testcase classname="tests.test_iteration7_auth.TestUserMgmt" name="test_admin_cannot_delete_self" time="0.607" /><testcase classname="tests.test_iteration7_auth.TestPartsAuth" name="test_parts_requires_auth" time="0.226" /><testcase classname="tests.test_iteration7_auth.TestPartsAuth" name="test_parts_with_admin" time="0.591" /><testcase classname="tests.test_iteration7_auth.TestUserMgmt" name="test_non_admin_cannot_list_users" time="0.990" /><testcase classname="tests.test_iteration7_auth.TestPartsAuth" name="test_parts_with_operator" time="1.128" /><testcase classname="tests.test_iteration7_auth.TestUserMgmt" name="test_non_admin_cannot_create_user" time="1.084" /><testcase classname="tests.test_iteration7_auth.TestPartsAuth" name="test_create_part_uses_logged_in_user_name" time="0.641" /><testcase classname="tests.test_iteration7_auth.TestLogout" name="test_logout_clears_cookie" time="0.741" /></testsuite></testsuites>