<?xml version="1.0" encoding="utf-8"?><testsuites name="pytest tests"><testsuite name="pytest" errors="0" failures="0" skipped="0" tests="9" time="4.739" timestamp="2026-09-03T13:21:38.210681+00:00" hostname="agent-env-bdbf5c9a-b59d-48aa-bf3e-eede085a9304"><testcase classname="tests.backend_test" name="test_auth_me_ok" time="0.416" /><testcase classname="tests.backend_test" name="test_auth_me_unauth" time="0.145" /><testcase classname="tests.backend_test" name="test_list_parts_seeded" time="0.197" /><testcase classname="tests.backend_test" name="test_get_created_part" time="0.690" /><testcase classname="tests.backend_test" name="test_update_part" time="0.319" /><testcase classname="tests.backend_test" name="test_patch_status_valid" time="0.138" /><testcase classname="tests.backend_test" name="test_patch_status_invalid" time="0.191" /><testcase classname="tests.backend_test" name="test_upload_and_download_drawing" time="1.284" /><testcase classname="tests.backend_test" name="test_delete_part_flow" time="0.764" /></testsuite></testsuites>