<?xml version="1.0" encoding="utf-8"?><testsuites name="pytest tests"><testsuite name="pytest" errors="0" failures="0" skipped="0" tests="4" time="32.815" timestamp="2026-09-03T13:55:44.614246+00:00" hostname="agent-env-bdbf5c9a-b59d-48aa-bf3e-eede085a9304"><testcase classname="tests.test_iteration2" name="test_create_part_persists_due_date" time="31.433" /><testcase classname="tests.test_iteration2" name="test_list_parts_returns_due_date_field" time="0.206" /><testcase classname="tests.test_iteration2" name="test_export_xlsx_unauth" time="0.225" /><testcase classname="tests.test_iteration2" name="test_export_xlsx_ok" time="0.638" /></testsuite></testsuites>