<?xml version="1.0" encoding="utf-8"?><testsuites name="pytest tests"><testsuite name="pytest" errors="0" failures="0" skipped="0" tests="6" time="3.191" timestamp="2026-09-03T20:35:19.233527+00:00" hostname="agent-env-bdbf5c9a-b59d-48aa-bf3e-eede085a9304"><testcase classname="tests.test_iteration5_file_auth.TestFileCookieAuth" name="test_no_auth_returns_401" time="1.234" /><testcase classname="tests.test_iteration5_file_auth.TestFileCookieAuth" name="test_bearer_header_returns_200_image" time="0.254" /><testcase classname="tests.test_iteration5_file_auth.TestFileCookieAuth" name="test_cookie_returns_200_image" time="0.422" /><testcase classname="tests.test_iteration5_file_auth.TestFileCookieAuth" name="test_cookie_returns_200_pdf" time="0.433" /><testcase classname="tests.test_iteration5_file_auth.TestFileCookieAuth" name="test_query_auth_still_works" time="0.357" /><testcase classname="tests.test_iteration5_file_auth.TestFileCookieAuth" name="test_invalid_cookie_returns_401" time="0.146" /></testsuite></testsuites>