<?xml version="1.0" encoding="utf-8"?><testsuites name="pytest tests"><testsuite name="pytest" errors="0" failures="0" skipped="0" tests="5" time="2.318" timestamp="2026-09-04T05:56:49.217312+00:00" hostname="agent-env-bdbf5c9a-b59d-48aa-bf3e-eede085a9304"><testcase classname="tests.test_iteration8_file_auth.TestFileAuth" name="test_no_auth_401" time="0.949" /><testcase classname="tests.test_iteration8_file_auth.TestPdfPartExists" name="test_part_prc_2026_058_has_pdf" time="0.838" /><testcase classname="tests.test_iteration8_file_auth.TestFileAuth" name="test_cookie_auth_200_pdf" time="0.459" /><testcase classname="tests.test_iteration8_file_auth.TestFileAuth" name="test_bearer_auth_200" time="0.412" /><testcase classname="tests.test_iteration8_file_auth.TestFileAuth" name="test_bad_token_401" time="0.139" /></testsuite></testsuites>