<?xml version="1.0" encoding="utf-8"?><testsuites name="pytest tests"><testsuite name="pytest" errors="0" failures="0" skipped="0" tests="9" time="3.258" timestamp="2026-09-03T20:51:50.302383+00:00" hostname="agent-env-bdbf5c9a-b59d-48aa-bf3e-eede085a9304"><testcase classname="tests.test_iteration6_order_no.TestOrderNoCRUD" name="test_create_persists_order_no" time="0.376" /><testcase classname="tests.test_iteration6_order_no.TestOrderNoCRUD" name="test_list_includes_order_no" time="0.142" /><testcase classname="tests.test_iteration6_order_no.TestOrderNoCRUD" name="test_update_order_no" time="0.270" /><testcase classname="tests.test_iteration6_order_no.TestOrderNoCRUD" name="test_create_without_order_no_defaults_empty" time="0.299" /><testcase classname="tests.test_iteration6_order_no.TestExcelExport" name="test_export_returns_xlsx_with_siparis_no_column" time="0.315" /><testcase classname="tests.test_iteration6_order_no.TestFileCookieAuthRegression" name="test_cookie_auth" time="0.788" /><testcase classname="tests.test_iteration6_order_no.TestFileCookieAuthRegression" name="test_bearer_auth" time="0.274" /><testcase classname="tests.test_iteration6_order_no.TestFileCookieAuthRegression" name="test_query_auth" time="0.309" /><testcase classname="tests.test_iteration6_order_no.TestFileCookieAuthRegression" name="test_no_auth_401" time="0.294" /></testsuite></testsuites>